<?xml version="1.0" encoding="UTF-8"?>
<coverage generated="1763041128594" clover="3.2.0">
  <project timestamp="1763041128595" name="All files">
    <metrics statements="4" coveredstatements="3" conditionals="4" coveredconditionals="3" methods="1" coveredmethods="1" elements="9" coveredelements="7" complexity="0" loc="4" ncloc="4" packages="1" files="1" classes="1"/>
    <file name="sum.js" path="/Users/phu.dangn/Projects/sgroup/next-trainign/src/sum.js">
      <metrics statements="4" coveredstatements="3" conditionals="4" coveredconditionals="3" methods="1" coveredmethods="1"/>
      <line num="1" count="1" type="stmt"/>
      <line num="3" count="1" type="cond" truecount="3" falsecount="1"/>
      <line num="4" count="0" type="stmt"/>
      <line num="7" count="1" type="stmt"/>
    </file>
  </project>
</coverage>
